[debug] [2019-01-29T16:00:04.328Z] ----------------------------------------------------------------------
[debug] [2019-01-29T16:00:04.332Z] Command:       /home/herman/.nvm/versions/node/v6.11.3/bin/node /home/herman/.nvm/versions/node/v6.11.3/bin/firebase deploy
[debug] [2019-01-29T16:00:04.333Z] CLI Version:   3.18.4
[debug] [2019-01-29T16:00:04.333Z] Platform:      linux
[debug] [2019-01-29T16:00:04.333Z] Node Version:  v6.11.3
[debug] [2019-01-29T16:00:04.333Z] Time:          Tue Jan 29 2019 16:00:04 GMT+0000 (UTC)
[debug] [2019-01-29T16:00:04.333Z] ----------------------------------------------------------------------
[debug] 
[debug] [2019-01-29T16:00:04.355Z] > command requires scopes: ["email","openid","https://www.googleapis.com/auth/cloudplatformprojects.readonly","https://www.googleapis.com/auth/firebase","https://www.googleapis.com/auth/cloud-platform"]
[debug] [2019-01-29T16:00:04.356Z] > authorizing via signed-in user
[debug] [2019-01-29T16:00:04.359Z] > refreshing access token with scopes: ["email","https://www.googleapis.com/auth/cloud-platform","https://www.googleapis.com/auth/cloudplatformprojects.readonly","https://www.googleapis.com/auth/firebase","openid"]
[debug] [2019-01-29T16:00:04.360Z] >>> HTTP REQUEST POST https://www.googleapis.com/oauth2/v3/token  
 { refresh_token: '1/b4U2MhnVdRlI3M7aJDLTwjBwjcGyLePYLdfJ6F5tGEE',
  client_id: '563584335869-fgrhgmd47bqnekij5i8b5pr03ho849e6.apps.googleusercontent.com',
  client_secret: 'j9iVZfS8kkCEFUPaAeJV0sAi',
  grant_type: 'refresh_token',
  scope: 'email https://www.googleapis.com/auth/cloud-platform https://www.googleapis.com/auth/cloudplatformprojects.readonly https://www.googleapis.com/auth/firebase openid' } 
 Tue Jan 29 2019 16:00:04 GMT+0000 (UTC)
[debug] [2019-01-29T16:03:25.983Z] ----------------------------------------------------------------------
[debug] [2019-01-29T16:03:25.987Z] Command:       /home/herman/.nvm/versions/node/v6.11.3/bin/node /home/herman/.nvm/versions/node/v6.11.3/bin/firebase deploy
[debug] [2019-01-29T16:03:25.988Z] CLI Version:   3.18.4
[debug] [2019-01-29T16:03:25.988Z] Platform:      linux
[debug] [2019-01-29T16:03:25.988Z] Node Version:  v6.11.3
[debug] [2019-01-29T16:03:25.988Z] Time:          Tue Jan 29 2019 16:03:25 GMT+0000 (UTC)
[debug] [2019-01-29T16:03:25.988Z] ----------------------------------------------------------------------
[debug] 
[debug] [2019-01-29T16:03:26.010Z] > command requires scopes: ["email","openid","https://www.googleapis.com/auth/cloudplatformprojects.readonly","https://www.googleapis.com/auth/firebase","https://www.googleapis.com/auth/cloud-platform"]
[debug] [2019-01-29T16:03:26.011Z] > authorizing via signed-in user
[debug] [2019-01-29T16:03:26.014Z] > refreshing access token with scopes: ["email","https://www.googleapis.com/auth/cloud-platform","https://www.googleapis.com/auth/cloudplatformprojects.readonly","https://www.googleapis.com/auth/firebase","openid"]
[debug] [2019-01-29T16:03:26.015Z] >>> HTTP REQUEST POST https://www.googleapis.com/oauth2/v3/token  
 { refresh_token: '1/b4U2MhnVdRlI3M7aJDLTwjBwjcGyLePYLdfJ6F5tGEE',
  client_id: '563584335869-fgrhgmd47bqnekij5i8b5pr03ho849e6.apps.googleusercontent.com',
  client_secret: 'j9iVZfS8kkCEFUPaAeJV0sAi',
  grant_type: 'refresh_token',
  scope: 'email https://www.googleapis.com/auth/cloud-platform https://www.googleapis.com/auth/cloudplatformprojects.readonly https://www.googleapis.com/auth/firebase openid' } 
 Tue Jan 29 2019 16:03:26 GMT+0000 (UTC)
[debug] [2019-01-29T16:03:26.175Z] <<< HTTP RESPONSE 200
[debug] [2019-01-29T16:03:26.185Z] >>> HTTP REQUEST GET https://admin.firebase.com/v1/projects/brucabook  
  
 Tue Jan 29 2019 16:03:26 GMT+0000 (UTC)
[debug] [2019-01-29T16:03:26.904Z] <<< HTTP RESPONSE 200
[debug] [2019-01-29T16:03:26.907Z] >>> HTTP REQUEST GET https://admin.firebase.com/v1/database/brucabook/tokens  
  
 Tue Jan 29 2019 16:03:26 GMT+0000 (UTC)
[debug] [2019-01-29T16:03:28.375Z] <<< HTTP RESPONSE 200
[info] 
[info] === Deploying to 'brucabook'...
[info] 
[info] i  deploying functions, hosting
[debug] [2019-01-29T16:03:32.548Z] > [functions] package.json contents: {
  "name": "functions",
  "description": "Cloud Functions for Firebase",
  "dependencies": {
    "cors": "^2.8.4",
    "deep-equal": "^1.0.1",
    "firebase-admin": "^6.0.0",
    "firebase-functions": "^2.0.5",
    "moment": "^2.22.0"
  },
  "private": true
}
[info] i  functions: ensuring necessary APIs are enabled...
[debug] [2019-01-29T16:03:32.550Z] >>> HTTP REQUEST GET https://servicemanagement.googleapis.com/v1/services/cloudfunctions.googleapis.com/projectSettings/brucabook?view=CONSUMER_VIEW  
  
 Tue Jan 29 2019 16:03:32 GMT+0000 (UTC)
[debug] [2019-01-29T16:03:32.551Z] >>> HTTP REQUEST GET https://servicemanagement.googleapis.com/v1/services/runtimeconfig.googleapis.com/projectSettings/brucabook?view=CONSUMER_VIEW  
  
 Tue Jan 29 2019 16:03:32 GMT+0000 (UTC)
[debug] [2019-01-29T16:03:33.714Z] <<< HTTP RESPONSE 200
[info] ✔  functions: all necessary APIs are enabled
[debug] [2019-01-29T16:03:33.725Z] <<< HTTP RESPONSE 200
[debug] [2019-01-29T16:03:33.727Z] >>> HTTP REQUEST GET https://cloudresourcemanager.googleapis.com/v1/projects/brucabook  
  
 Tue Jan 29 2019 16:03:33 GMT+0000 (UTC)
[debug] [2019-01-29T16:03:34.488Z] <<< HTTP RESPONSE 200
[debug] [2019-01-29T16:03:34.489Z] >>> HTTP REQUEST GET https://mobilesdk-pa.googleapis.com/v1/projects/684965752152:getServerAppConfig  
  
 Tue Jan 29 2019 16:03:34 GMT+0000 (UTC)
[debug] [2019-01-29T16:03:34.678Z] <<< HTTP RESPONSE 200
[info] i  functions: preparing functions directory for uploading...
[debug] [2019-01-29T16:03:34.685Z] >>> HTTP REQUEST GET https://runtimeconfig.googleapis.com/v1beta1/projects/brucabook/configs  
  
 Tue Jan 29 2019 16:03:34 GMT+0000 (UTC)
[debug] [2019-01-29T16:03:34.933Z] <<< HTTP RESPONSE 200
[info] i  functions: packaged functions (52 KB) for uploading
[debug] [2019-01-29T16:03:35.594Z] >>> HTTP REQUEST POST https://cloudfunctions.googleapis.com/v1/projects/brucabook/locations/us-central1/functions:generateUploadUrl  
  
 Tue Jan 29 2019 16:03:35 GMT+0000 (UTC)
[debug] [2019-01-29T16:03:35.922Z] <<< HTTP RESPONSE 200
[debug] [2019-01-29T16:03:35.924Z] >>> HTTP REQUEST PUT https://storage.googleapis.com/gcf-upload-us-central1-a8a77f92-7e99-406b-8a9d-9a750bc40f93/80acc50c-c49c-4483-9e21-5dd649a1f845.zip?GoogleAccessId=service-684965752152@gcf-admin-robot.iam.gserviceaccount.com&Expires=1548779615&Signature=Lho0JNwUVgtksZC%2FfZYpfmkR3%2Fdm%2FGu9%2F21u5XmcGoFs%2F5fEMUDVOA93pR8Vfa35iVI7XysZKaD9HJi3p1Qr6ZUFcWvygaLIJzoT%2FGSlg57gLupLsrJ0NHxv7XGGJ7OQAgYw8FVI9VwLe9oQKJgi3RJJvAsVmpDZ8VTB9lh1tQiS0m6KN6WBrGUm8vmgj2gsnEBWYZRc8SJ6RNJFlmV13ArNhJk9%2Bi28Vq86Buv2xUgsIg2xT91x0nvuwuR0c6t5D%2FTnNwF%2BnEG6tdVXCiWBLCcIII9W87crl3QZNRHbvyELh2jRWkroV7cRHAjUWwtpfB5S6Vi0%2FCRprtLPlYwAZA%3D%3D  
 ReadStream {
  _readableState: 
   ReadableState {
     objectMode: false,
     highWaterMark: 65536,
     buffer: BufferList { head: [Object], tail: [Object], length: 1 },
     length: 53244,
     pipes: null,
     pipesCount: 0,
     flowing: null,
     ended: true,
     endEmitted: false,
     reading: false,
     sync: false,
     needReadable: false,
     emittedReadable: true,
     readableListening: false,
     resumeScheduled: false,
     defaultEncoding: 'utf8',
     ranOut: false,
     awaitDrain: 0,
     readingMore: false,
     decoder: null,
     encoding: null },
  readable: true,
  domain: null,
  _events: { end: [Function] },
  _eventsCount: 1,
  _maxListeners: undefined,
  path: '/tmp/firebase-functions-11678TB9GTgZ7qtU6.zip',
  fd: 15,
  flags: 'r',
  mode: 438,
  start: undefined,
  end: undefined,
  autoClose: true,
  pos: undefined,
  bytesRead: 53244 } 
 Tue Jan 29 2019 16:03:35 GMT+0000 (UTC)
[debug] [2019-01-29T16:03:36.266Z] <<< HTTP RESPONSE 200
[info] ✔  functions: functions folder uploaded successfully
[info] i  hosting: preparing build directory for upload...
[debug] [2019-01-29T16:03:37.488Z] >>> HTTP REQUEST PUT https://deploy.firebase.com/v1/hosting/brucabook/uploads/-LXPLUdN87rBIR718cfq?fileCount=12&message=  
  
 Tue Jan 29 2019 16:03:37 GMT+0000 (UTC)
[debug] [2019-01-29T16:03:39.252Z] <<< HTTP RESPONSE 410
[debug] [2019-01-29T16:03:39.253Z] <<< HTTP RESPONSE BODY undefined
[debug] [2019-01-29T16:03:39.255Z] TypeError: Cannot read property 'error' of undefined
    at module.exports (/home/herman/.nvm/versions/node/v6.11.3/lib/node_modules/firebase-tools/lib/responseToError.js:10:12)
    at Request._callback (/home/herman/.nvm/versions/node/v6.11.3/lib/node_modules/firebase-tools/lib/api.js:47:25)
    at Request.self.callback (/home/herman/.nvm/versions/node/v6.11.3/lib/node_modules/firebase-tools/node_modules/request/request.js:186:22)
    at emitTwo (events.js:106:13)
    at Request.emit (events.js:191:7)
    at Request.<anonymous> (/home/herman/.nvm/versions/node/v6.11.3/lib/node_modules/firebase-tools/node_modules/request/request.js:1163:10)
    at emitOne (events.js:96:13)
    at Request.emit (events.js:188:7)
    at IncomingMessage.<anonymous> (/home/herman/.nvm/versions/node/v6.11.3/lib/node_modules/firebase-tools/node_modules/request/request.js:1085:12)
    at IncomingMessage.g (events.js:292:16)
[error] 
[error] Error: An unexpected error has occurred.
